2018-05-12 12:17:32,357 DEBUG No configuration found at `/diskbase_macbookair01/nodedir_bkb_skyfall/aux-bkb01.user-repodata.pub/bkb-env_11/tools/utils/.pyre_configuration.local`.
2018-05-12 12:17:32,358 DEBUG No configuration found at `.pyre_configuration.local`.
2018-05-12 12:17:32,358 DEBUG No configuration found at `.pyre_configuration`.
2018-05-12 12:17:32,358 INFO No source directory specified, using current directory
2018-05-12 12:17:32,359 INFO No binary specified, looking for `pyre.bin` in PATH
2018-05-12 12:17:32,361 INFO Found: `/usr/local/bin/pyre.bin`
2018-05-12 12:17:32,362 INFO No typeshed specified, looking for it
2018-05-12 12:17:32,363 DEBUG Trying with: `/usr/local/lib/python3.6/site-packages/pyre_check/pyre_check/typeshed/stdlib/`
2018-05-12 12:17:32,363 DEBUG Trying with: `/usr/local/lib/python3.6/site-packages/pyre_check/typeshed/stdlib/`
2018-05-12 12:17:32,363 DEBUG Trying with: `/usr/local/lib/python3.6/pyre_check/typeshed/stdlib/`
2018-05-12 12:17:32,363 DEBUG Trying with: `/usr/local/lib/pyre_check/typeshed/stdlib/`
2018-05-12 12:17:32,363 INFO Found: `/usr/local/lib/pyre_check/typeshed/stdlib/`
2018-05-12 12:17:32,364 WARNING Server not running at `.`. Starting...

2018-05-12 12:17:32,365 DEBUG Running `/usr/local/bin/pyre.bin start -project-root /diskbase_macbookair01/nodedir_bkb_skyfall/aux-bkb01.user-repodata.pub/bkb-env_11/tools/utils -use-watchman -workers 1 -search-path /usr/local/lib/pyre_check/typeshed/stdlib/ -version None .`
2018-05-12 12:17:32,481 INFO Starting up server...
2018-05-12 12:17:32,484 INFO Spawning the watchman daemon now.
2018-05-12 12:17:32,487 INFO Watchman daemon pid: 75778
2018-05-12 12:17:32,492 WARNING Server initializing...

2018-05-12 12:17:32,494 DEBUG Running `/usr/local/bin/pyre.bin incremental -project-root /diskbase_macbookair01/nodedir_bkb_skyfall/aux-bkb01.user-repodata.pub/bkb-env_11/tools/utils -search-path /usr/local/lib/pyre_check/typeshed/stdlib/ -version None .`
2018-05-12 12:17:32,590 INFO Server starting in background
2018-05-12 12:17:32,624 INFO Server running as pid 75779
2018-05-12 12:17:32,628 INFO Finding type stubs in `/diskbase_macbookair01/nodedir_bkb_skyfall/aux-bkb01.user-repodata.pub/bkb-env_11/tools/utils`...
2018-05-12 12:17:32,642 INFO Finding type stubs in `/usr/local/lib/pyre_check/typeshed/stdlib`...
2018-05-12 12:17:32,656 INFO Finding external sources in `/usr/local/lib/pyre_check/typeshed/stdlib`...
2018-05-12 12:17:32,757 INFO Parsing 346 stubs and external sources...
2018-05-12 12:17:33,414 INFO Parsing 0 sources in `/diskbase_macbookair01/nodedir_bkb_skyfall/aux-bkb01.user-repodata.pub/bkb-env_11/tools/utils`...
2018-05-12 12:17:33,515 INFO Building type environment...
2018-05-12 12:17:34,118 INFO Adding environment information to shared memory...
2018-05-12 12:17:34,401 INFO Inferring protocol implementations...
2018-05-12 12:17:34,553 SUCCESS No type errors found

2018-05-12 12:18:19,815 DEBUG No configuration found at `/diskbase_macbookair01/nodedir_bkb_skyfall/aux-bkb01.user-repodata.pub/bkb-env_11/tools/utils/.pyre_configuration.local`.
2018-05-12 12:18:19,816 DEBUG No configuration found at `.pyre_configuration.local`.
2018-05-12 12:18:19,816 DEBUG No configuration found at `.pyre_configuration`.
2018-05-12 12:18:19,816 INFO No source directory specified, using current directory
2018-05-12 12:18:19,816 INFO No binary specified, looking for `pyre.bin` in PATH
2018-05-12 12:18:19,818 INFO Found: `/usr/local/bin/pyre.bin`
2018-05-12 12:18:19,819 INFO No typeshed specified, looking for it
2018-05-12 12:18:19,820 DEBUG Trying with: `/usr/local/lib/python3.6/site-packages/pyre_check/pyre_check/typeshed/stdlib/`
2018-05-12 12:18:19,820 DEBUG Trying with: `/usr/local/lib/python3.6/site-packages/pyre_check/typeshed/stdlib/`
2018-05-12 12:18:19,821 DEBUG Trying with: `/usr/local/lib/python3.6/pyre_check/typeshed/stdlib/`
2018-05-12 12:18:19,821 DEBUG Trying with: `/usr/local/lib/pyre_check/typeshed/stdlib/`
2018-05-12 12:18:19,821 INFO Found: `/usr/local/lib/pyre_check/typeshed/stdlib/`
2018-05-12 12:18:19,822 WARNING Setting up a .pyre_configuration file may reduce overhead.

2018-05-12 12:18:19,823 WARNING Server not running at `t`. Starting...

2018-05-12 12:18:19,823 DEBUG Running `/usr/local/bin/pyre.bin start -project-root /diskbase_macbookair01/nodedir_bkb_skyfall/aux-bkb01.user-repodata.pub/bkb-env_11/tools/utils -use-watchman -workers 1 -search-path /usr/local/lib/pyre_check/typeshed/stdlib/ -version None t`
2018-05-12 12:18:19,905 INFO Starting up server...
2018-05-12 12:18:19,907 INFO Spawning the watchman daemon now.
2018-05-12 12:18:19,910 INFO Watchman daemon pid: 75810
2018-05-12 12:18:19,913 WARNING Server initializing...

2018-05-12 12:18:19,913 DEBUG Running `/usr/local/bin/pyre.bin incremental -project-root /diskbase_macbookair01/nodedir_bkb_skyfall/aux-bkb01.user-repodata.pub/bkb-env_11/tools/utils -search-path /usr/local/lib/pyre_check/typeshed/stdlib/ -version None t`
2018-05-12 12:18:20,012 INFO Server starting in background
2018-05-12 12:18:20,041 INFO Server running as pid 75811
2018-05-12 12:18:20,042 INFO Finding type stubs in `/diskbase_macbookair01/nodedir_bkb_skyfall/aux-bkb01.user-repodata.pub/bkb-env_11/tools/utils/t`...
2018-05-12 12:18:20,056 INFO Finding type stubs in `/usr/local/lib/pyre_check/typeshed/stdlib`...
2018-05-12 12:18:20,069 INFO Finding external sources in `/usr/local/lib/pyre_check/typeshed/stdlib`...
2018-05-12 12:18:20,170 INFO Parsing 346 stubs and external sources...
2018-05-12 12:18:20,869 INFO Parsing 1 sources in `/diskbase_macbookair01/nodedir_bkb_skyfall/aux-bkb01.user-repodata.pub/bkb-env_11/tools/utils/t`...
2018-05-12 12:18:20,971 INFO Building type environment...
2018-05-12 12:18:21,593 INFO Adding environment information to shared memory...
2018-05-12 12:18:21,877 INFO Inferring protocol implementations...
2018-05-12 12:18:22,138 INFO Checking...
2018-05-12 12:18:22,156 SUCCESS No type errors found

2018-05-12 12:22:40,863 DEBUG No configuration found at `/diskbase_macbookair01/nodedir_bkb_skyfall/aux-bkb01.user-repodata.pub/bkb-env_11/tools/utils/.pyre_configuration.local`.
2018-05-12 12:22:40,863 DEBUG No configuration found at `.pyre_configuration.local`.
2018-05-12 12:22:40,864 DEBUG No configuration found at `.pyre_configuration`.
2018-05-12 12:22:40,864 INFO No source directory specified, using current directory
2018-05-12 12:22:40,864 INFO No binary specified, looking for `pyre.bin` in PATH
2018-05-12 12:22:40,866 INFO Found: `/usr/local/bin/pyre.bin`
2018-05-12 12:22:40,867 INFO No typeshed specified, looking for it
2018-05-12 12:22:40,867 DEBUG Trying with: `/usr/local/lib/python3.6/site-packages/pyre_check/pyre_check/typeshed/stdlib/`
2018-05-12 12:22:40,868 DEBUG Trying with: `/usr/local/lib/python3.6/site-packages/pyre_check/typeshed/stdlib/`
2018-05-12 12:22:40,868 DEBUG Trying with: `/usr/local/lib/python3.6/pyre_check/typeshed/stdlib/`
2018-05-12 12:22:40,868 DEBUG Trying with: `/usr/local/lib/pyre_check/typeshed/stdlib/`
2018-05-12 12:22:40,869 INFO Found: `/usr/local/lib/pyre_check/typeshed/stdlib/`
2018-05-12 12:22:40,869 WARNING Setting up a .pyre_configuration file may reduce overhead.

2018-05-12 12:22:40,870 WARNING Waiting for server...

2018-05-12 12:22:40,871 DEBUG Running `/usr/local/bin/pyre.bin incremental -project-root /diskbase_macbookair01/nodedir_bkb_skyfall/aux-bkb01.user-repodata.pub/bkb-env_11/tools/utils -search-path /usr/local/lib/pyre_check/typeshed/stdlib/ -version None t`
2018-05-12 12:22:40,886 INFO Finding type stubs in `/diskbase_macbookair01/nodedir_bkb_skyfall/aux-bkb01.user-repodata.pub/bkb-env_11/tools/utils/t`...
2018-05-12 12:22:40,888 INFO Finding type stubs in `/usr/local/lib/pyre_check/typeshed/stdlib`...
2018-05-12 12:22:40,889 INFO Finding external sources in `/usr/local/lib/pyre_check/typeshed/stdlib`...
2018-05-12 12:22:40,890 INFO Parsing 346 stubs and external sources...
2018-05-12 12:22:40,891 INFO Parsing 1 sources in `/diskbase_macbookair01/nodedir_bkb_skyfall/aux-bkb01.user-repodata.pub/bkb-env_11/tools/utils/t`...
2018-05-12 12:22:40,893 INFO Building type environment...
2018-05-12 12:22:40,894 INFO Adding environment information to shared memory...
2018-05-12 12:22:40,895 INFO Inferring protocol implementations...
2018-05-12 12:22:40,896 INFO Checking...
2018-05-12 12:22:40,997 INFO Processed 1 of 1 sources
2018-05-12 12:22:41,000 SUCCESS No type errors found

2018-05-12 12:22:53,429 DEBUG No configuration found at `/diskbase_macbookair01/nodedir_bkb_skyfall/aux-bkb01.user-repodata.pub/bkb-env_11/tools/utils/.pyre_configuration.local`.
2018-05-12 12:22:53,430 DEBUG No configuration found at `.pyre_configuration.local`.
2018-05-12 12:22:53,430 DEBUG No configuration found at `.pyre_configuration`.
2018-05-12 12:22:53,431 INFO No source directory specified, using current directory
2018-05-12 12:22:53,431 INFO No binary specified, looking for `pyre.bin` in PATH
2018-05-12 12:22:53,432 INFO Found: `/usr/local/bin/pyre.bin`
2018-05-12 12:22:53,434 INFO No typeshed specified, looking for it
2018-05-12 12:22:53,434 DEBUG Trying with: `/usr/local/lib/python3.6/site-packages/pyre_check/pyre_check/typeshed/stdlib/`
2018-05-12 12:22:53,435 DEBUG Trying with: `/usr/local/lib/python3.6/site-packages/pyre_check/typeshed/stdlib/`
2018-05-12 12:22:53,435 DEBUG Trying with: `/usr/local/lib/python3.6/pyre_check/typeshed/stdlib/`
2018-05-12 12:22:53,435 DEBUG Trying with: `/usr/local/lib/pyre_check/typeshed/stdlib/`
2018-05-12 12:22:53,436 INFO Found: `/usr/local/lib/pyre_check/typeshed/stdlib/`
2018-05-12 12:22:53,436 WARNING Setting up a .pyre_configuration file may reduce overhead.

2018-05-12 12:22:53,438 WARNING Waiting for server...

2018-05-12 12:22:53,438 DEBUG Running `/usr/local/bin/pyre.bin incremental -project-root /diskbase_macbookair01/nodedir_bkb_skyfall/aux-bkb01.user-repodata.pub/bkb-env_11/tools/utils -search-path /usr/local/lib/pyre_check/typeshed/stdlib/ -version None t`
2018-05-12 12:22:53,460 INFO Finding type stubs in `/diskbase_macbookair01/nodedir_bkb_skyfall/aux-bkb01.user-repodata.pub/bkb-env_11/tools/utils/t`...
2018-05-12 12:22:53,461 INFO Finding type stubs in `/usr/local/lib/pyre_check/typeshed/stdlib`...
2018-05-12 12:22:53,462 INFO Finding external sources in `/usr/local/lib/pyre_check/typeshed/stdlib`...
2018-05-12 12:22:53,463 INFO Parsing 346 stubs and external sources...
2018-05-12 12:22:53,464 INFO Parsing 1 sources in `/diskbase_macbookair01/nodedir_bkb_skyfall/aux-bkb01.user-repodata.pub/bkb-env_11/tools/utils/t`...
2018-05-12 12:22:53,466 INFO Building type environment...
2018-05-12 12:22:53,467 INFO Adding environment information to shared memory...
2018-05-12 12:22:53,467 INFO Inferring protocol implementations...
2018-05-12 12:22:53,468 INFO Checking...
2018-05-12 12:22:53,536 SUCCESS No type errors found

2018-05-12 12:23:03,473 DEBUG No configuration found at `/diskbase_macbookair01/nodedir_bkb_skyfall/aux-bkb01.user-repodata.pub/bkb-env_11/tools/utils/.pyre_configuration.local`.
2018-05-12 12:23:03,474 DEBUG No configuration found at `.pyre_configuration.local`.
2018-05-12 12:23:03,474 DEBUG No configuration found at `.pyre_configuration`.
2018-05-12 12:23:03,474 INFO No source directory specified, using current directory
2018-05-12 12:23:03,475 INFO No binary specified, looking for `pyre.bin` in PATH
2018-05-12 12:23:03,476 INFO Found: `/usr/local/bin/pyre.bin`
2018-05-12 12:23:03,477 INFO No typeshed specified, looking for it
2018-05-12 12:23:03,478 DEBUG Trying with: `/usr/local/lib/python3.6/site-packages/pyre_check/pyre_check/typeshed/stdlib/`
2018-05-12 12:23:03,478 DEBUG Trying with: `/usr/local/lib/python3.6/site-packages/pyre_check/typeshed/stdlib/`
2018-05-12 12:23:03,478 DEBUG Trying with: `/usr/local/lib/python3.6/pyre_check/typeshed/stdlib/`
2018-05-12 12:23:03,479 DEBUG Trying with: `/usr/local/lib/pyre_check/typeshed/stdlib/`
2018-05-12 12:23:03,479 INFO Found: `/usr/local/lib/pyre_check/typeshed/stdlib/`
2018-05-12 12:23:03,480 WARNING Setting up a .pyre_configuration file may reduce overhead.

2018-05-12 12:23:03,481 WARNING Waiting for server...

2018-05-12 12:23:03,481 DEBUG Running `/usr/local/bin/pyre.bin incremental -project-root /diskbase_macbookair01/nodedir_bkb_skyfall/aux-bkb01.user-repodata.pub/bkb-env_11/tools/utils -search-path /usr/local/lib/pyre_check/typeshed/stdlib/ -version None t`
2018-05-12 12:23:03,499 INFO Finding type stubs in `/diskbase_macbookair01/nodedir_bkb_skyfall/aux-bkb01.user-repodata.pub/bkb-env_11/tools/utils/t`...
2018-05-12 12:23:03,505 INFO Finding type stubs in `/usr/local/lib/pyre_check/typeshed/stdlib`...
2018-05-12 12:23:03,507 INFO Finding external sources in `/usr/local/lib/pyre_check/typeshed/stdlib`...
2018-05-12 12:23:03,509 INFO Parsing 346 stubs and external sources...
2018-05-12 12:23:03,510 INFO Parsing 1 sources in `/diskbase_macbookair01/nodedir_bkb_skyfall/aux-bkb01.user-repodata.pub/bkb-env_11/tools/utils/t`...
2018-05-12 12:23:03,511 INFO Building type environment...
2018-05-12 12:23:03,512 INFO Adding environment information to shared memory...
2018-05-12 12:23:03,513 INFO Inferring protocol implementations...
2018-05-12 12:23:03,517 INFO Checking...
2018-05-12 12:23:03,584 SUCCESS No type errors found

2018-05-12 12:23:12,648 DEBUG No configuration found at `/diskbase_macbookair01/nodedir_bkb_skyfall/aux-bkb01.user-repodata.pub/bkb-env_11/tools/utils/.pyre_configuration.local`.
2018-05-12 12:23:12,649 DEBUG No configuration found at `.pyre_configuration.local`.
2018-05-12 12:23:12,649 DEBUG No configuration found at `.pyre_configuration`.
2018-05-12 12:23:12,650 INFO No source directory specified, using current directory
2018-05-12 12:23:12,650 INFO No binary specified, looking for `pyre.bin` in PATH
2018-05-12 12:23:12,651 INFO Found: `/usr/local/bin/pyre.bin`
2018-05-12 12:23:12,653 INFO No typeshed specified, looking for it
2018-05-12 12:23:12,653 DEBUG Trying with: `/usr/local/lib/python3.6/site-packages/pyre_check/pyre_check/typeshed/stdlib/`
2018-05-12 12:23:12,654 DEBUG Trying with: `/usr/local/lib/python3.6/site-packages/pyre_check/typeshed/stdlib/`
2018-05-12 12:23:12,654 DEBUG Trying with: `/usr/local/lib/python3.6/pyre_check/typeshed/stdlib/`
2018-05-12 12:23:12,654 DEBUG Trying with: `/usr/local/lib/pyre_check/typeshed/stdlib/`
2018-05-12 12:23:12,655 INFO Found: `/usr/local/lib/pyre_check/typeshed/stdlib/`
2018-05-12 12:23:12,655 WARNING Setting up a .pyre_configuration file may reduce overhead.

2018-05-12 12:23:12,656 WARNING Waiting for server...

2018-05-12 12:23:12,657 DEBUG Running `/usr/local/bin/pyre.bin incremental -project-root /diskbase_macbookair01/nodedir_bkb_skyfall/aux-bkb01.user-repodata.pub/bkb-env_11/tools/utils -search-path /usr/local/lib/pyre_check/typeshed/stdlib/ -version None t`
2018-05-12 12:23:12,675 INFO Finding type stubs in `/diskbase_macbookair01/nodedir_bkb_skyfall/aux-bkb01.user-repodata.pub/bkb-env_11/tools/utils/t`...
2018-05-12 12:23:12,677 INFO Finding type stubs in `/usr/local/lib/pyre_check/typeshed/stdlib`...
2018-05-12 12:23:12,680 INFO Finding external sources in `/usr/local/lib/pyre_check/typeshed/stdlib`...
2018-05-12 12:23:12,681 INFO Parsing 346 stubs and external sources...
2018-05-12 12:23:12,682 INFO Parsing 1 sources in `/diskbase_macbookair01/nodedir_bkb_skyfall/aux-bkb01.user-repodata.pub/bkb-env_11/tools/utils/t`...
2018-05-12 12:23:12,684 INFO Building type environment...
2018-05-12 12:23:12,685 INFO Adding environment information to shared memory...
2018-05-12 12:23:12,686 INFO Inferring protocol implementations...
2018-05-12 12:23:12,687 INFO Checking...
2018-05-12 12:23:12,745 SUCCESS No type errors found

2018-05-12 12:25:53,355 DEBUG No configuration found at `/diskbase_macbookair01/nodedir_bkb_skyfall/aux-bkb01.user-repodata.pub/bkb-env_11/tools/utils/.pyre_configuration.local`.
2018-05-12 12:25:53,356 DEBUG No configuration found at `.pyre_configuration.local`.
2018-05-12 12:25:53,356 DEBUG No configuration found at `.pyre_configuration`.
2018-05-12 12:25:53,356 INFO No source directory specified, using current directory
2018-05-12 12:25:53,357 INFO No binary specified, looking for `pyre.bin` in PATH
2018-05-12 12:25:53,358 INFO Found: `/usr/local/bin/pyre.bin`
2018-05-12 12:25:53,359 INFO No typeshed specified, looking for it
2018-05-12 12:25:53,360 DEBUG Trying with: `/usr/local/lib/python3.6/site-packages/pyre_check/pyre_check/typeshed/stdlib/`
2018-05-12 12:25:53,360 DEBUG Trying with: `/usr/local/lib/python3.6/site-packages/pyre_check/typeshed/stdlib/`
2018-05-12 12:25:53,360 DEBUG Trying with: `/usr/local/lib/python3.6/pyre_check/typeshed/stdlib/`
2018-05-12 12:25:53,360 DEBUG Trying with: `/usr/local/lib/pyre_check/typeshed/stdlib/`
2018-05-12 12:25:53,361 INFO Found: `/usr/local/lib/pyre_check/typeshed/stdlib/`
2018-05-12 12:25:53,361 WARNING Setting up a .pyre_configuration file may reduce overhead.

2018-05-12 12:25:53,363 WARNING Waiting for server...

2018-05-12 12:25:53,364 DEBUG Running `/usr/local/bin/pyre.bin incremental -verbose -project-root /diskbase_macbookair01/nodedir_bkb_skyfall/aux-bkb01.user-repodata.pub/bkb-env_11/tools/utils -search-path /usr/local/lib/pyre_check/typeshed/stdlib/ -version None t`
2018-05-12 12:25:53,389 INFO Finding type stubs in `/diskbase_macbookair01/nodedir_bkb_skyfall/aux-bkb01.user-repodata.pub/bkb-env_11/tools/utils/t`...
2018-05-12 12:25:53,390 INFO Finding type stubs in `/usr/local/lib/pyre_check/typeshed/stdlib`...
2018-05-12 12:25:53,391 INFO Finding external sources in `/usr/local/lib/pyre_check/typeshed/stdlib`...
2018-05-12 12:25:53,392 INFO Parsing 346 stubs and external sources...
2018-05-12 12:25:53,392 INFO Parsing 1 sources in `/diskbase_macbookair01/nodedir_bkb_skyfall/aux-bkb01.user-repodata.pub/bkb-env_11/tools/utils/t`...
2018-05-12 12:25:53,393 INFO Building type environment...
2018-05-12 12:25:53,394 INFO Adding environment information to shared memory...
2018-05-12 12:25:53,395 INFO Inferring protocol implementations...
2018-05-12 12:25:53,396 INFO Checking...
2018-05-12 12:25:53,497 INFO Processed 1 of 1 sources
2018-05-12 12:25:53,511 SUCCESS No type errors found

2018-05-12 12:27:05,425 DEBUG No configuration found at `/diskbase_macbookair01/nodedir_bkb_skyfall/aux-bkb01.user-repodata.pub/bkb-env_11/tools/utils/.pyre_configuration.local`.
2018-05-12 12:27:05,426 DEBUG No configuration found at `.pyre_configuration.local`.
2018-05-12 12:27:05,427 DEBUG No configuration found at `.pyre_configuration`.
2018-05-12 12:27:05,427 INFO No source directory specified, using current directory
2018-05-12 12:27:05,427 INFO No binary specified, looking for `pyre.bin` in PATH
2018-05-12 12:27:05,429 INFO Found: `/usr/local/bin/pyre.bin`
2018-05-12 12:27:05,430 INFO No typeshed specified, looking for it
2018-05-12 12:27:05,431 DEBUG Trying with: `/usr/local/lib/python3.6/site-packages/pyre_check/pyre_check/typeshed/stdlib/`
2018-05-12 12:27:05,431 DEBUG Trying with: `/usr/local/lib/python3.6/site-packages/pyre_check/typeshed/stdlib/`
2018-05-12 12:27:05,432 DEBUG Trying with: `/usr/local/lib/python3.6/pyre_check/typeshed/stdlib/`
2018-05-12 12:27:05,432 DEBUG Trying with: `/usr/local/lib/pyre_check/typeshed/stdlib/`
2018-05-12 12:27:05,432 INFO Found: `/usr/local/lib/pyre_check/typeshed/stdlib/`
2018-05-12 12:27:05,433 WARNING Setting up a .pyre_configuration file may reduce overhead.

2018-05-12 12:27:05,434 WARNING Waiting for server...

2018-05-12 12:27:05,434 DEBUG Running `/usr/local/bin/pyre.bin incremental -project-root /diskbase_macbookair01/nodedir_bkb_skyfall/aux-bkb01.user-repodata.pub/bkb-env_11/tools/utils -search-path /usr/local/lib/pyre_check/typeshed/stdlib/ -version None t`
2018-05-12 12:27:05,450 INFO Finding type stubs in `/diskbase_macbookair01/nodedir_bkb_skyfall/aux-bkb01.user-repodata.pub/bkb-env_11/tools/utils/t`...
2018-05-12 12:27:05,452 INFO Finding type stubs in `/usr/local/lib/pyre_check/typeshed/stdlib`...
2018-05-12 12:27:05,453 INFO Finding external sources in `/usr/local/lib/pyre_check/typeshed/stdlib`...
2018-05-12 12:27:05,455 INFO Parsing 346 stubs and external sources...
2018-05-12 12:27:05,455 INFO Parsing 1 sources in `/diskbase_macbookair01/nodedir_bkb_skyfall/aux-bkb01.user-repodata.pub/bkb-env_11/tools/utils/t`...
2018-05-12 12:27:05,456 INFO Building type environment...
2018-05-12 12:27:05,457 INFO Adding environment information to shared memory...
2018-05-12 12:27:05,458 INFO Inferring protocol implementations...
2018-05-12 12:27:05,459 INFO Checking...
2018-05-12 12:27:05,558 SUCCESS No type errors found

